<?xml version="1.0" encoding="UTF-8"?>
<!-- Generated by org.testng.reporters.JUnitReportReporter -->
<testsuite skipped="0" hostname="DESKTOP-BBJASGE" name="com.buildiumstaging.demoaccount.buildium.ValidateProperty" tests="1" failures="0" timestamp="14 Jan 2019 18:03:20 GMT" time="65.757" errors="0">
  <testcase name="addPropertyTest" time="65.757" classname="com.buildiumstaging.demoaccount.buildium.ValidateProperty"/>
</testsuite> <!-- com.buildiumstaging.demoaccount.buildium.ValidateProperty -->
