<?xml version="1.0" encoding="UTF-8"?>
<!-- Generated by org.testng.reporters.JUnitReportReporter -->
<testsuite skipped="0" hostname="DESKTOP-BBJASGE" name="com.buildiumstaging.demoaccount.buildium.ValidateLogin" tests="1" failures="0" timestamp="14 Jan 2019 18:03:20 GMT" time="58.185" errors="0">
  <testcase name="validateLogin" time="58.185" classname="com.buildiumstaging.demoaccount.buildium.ValidateLogin"/>
</testsuite> <!-- com.buildiumstaging.demoaccount.buildium.ValidateLogin -->
