<?xml version="1.0" encoding="UTF-8"?>
<!-- Generated by org.testng.reporters.JUnitReportReporter -->
<testsuite skipped="0" hostname="DESKTOP-BBJASGE" name="com.buildiumstaging.demoaccount.buildium.ValidateAddTemplate" tests="1" failures="0" timestamp="14 Jan 2019 18:03:20 GMT" time="43.113" errors="0">
  <testcase name="validateAddtemplate" time="43.113" classname="com.buildiumstaging.demoaccount.buildium.ValidateAddTemplate"/>
</testsuite> <!-- com.buildiumstaging.demoaccount.buildium.ValidateAddTemplate -->
